<?xml version="1.0" encoding="UTF-8"?>
<coverage generated="1622883394253" clover="3.2.0">
  <project timestamp="1622883394253" name="All files">
    <metrics statements="43" coveredstatements="39" conditionals="33" coveredconditionals="26" methods="24" coveredmethods="24" elements="100" coveredelements="89" complexity="0" loc="43" ncloc="43" packages="1" files="2" classes="2">
      <file name="Boy.js" path="C:\Users\Rysard_Poplavskij\projects\js-learning\module3\task3\Boy.js">
        <metrics statements="22" coveredstatements="21" conditionals="19" coveredconditionals="17" methods="12" coveredmethods="12"/>
        <line num="3" count="27" type="stmt"/>
        <line num="4" count="27" type="stmt"/>
        <line num="8" count="18" type="stmt"/>
        <line num="12" count="1" type="stmt"/>
        <line num="16" count="29" type="stmt"/>
        <line num="20" count="3" type="stmt"/>
        <line num="24" count="5" type="stmt"/>
        <line num="28" count="5" type="stmt"/>
        <line num="34" count="8" type="cond" truecount="5" falsecount="0"/>
        <line num="35" count="1" type="stmt"/>
        <line num="36" count="7" type="cond" truecount="5" falsecount="0"/>
        <line num="37" count="6" type="stmt"/>
        <line num="38" count="1" type="cond" truecount="2" falsecount="2"/>
        <line num="39" count="0" type="stmt"/>
        <line num="41" count="1" type="stmt"/>
        <line num="47" count="4" type="cond" truecount="2" falsecount="0"/>
        <line num="48" count="3" type="stmt"/>
        <line num="50" count="1" type="stmt"/>
        <line num="56" count="8" type="cond" truecount="3" falsecount="0"/>
        <line num="61" count="14" type="stmt"/>
        <line num="66" count="5" type="stmt"/>
        <line num="70" count="1" type="stmt"/>
      </file>
      <file name="Girl.js" path="C:\Users\Rysard_Poplavskij\projects\js-learning\module3\task3\Girl.js">
        <metrics statements="21" coveredstatements="18" conditionals="14" coveredconditionals="9" methods="12" coveredmethods="12"/>
        <line num="3" count="20" type="stmt"/>
        <line num="4" count="20" type="stmt"/>
        <line num="8" count="11" type="stmt"/>
        <line num="12" count="5" type="stmt"/>
        <line num="16" count="2" type="stmt"/>
        <line num="20" count="1" type="stmt"/>
        <line num="24" count="8" type="stmt"/>
        <line num="28" count="7" type="stmt"/>
        <line num="35" count="8" type="cond" truecount="2" falsecount="0"/>
        <line num="36" count="6" type="stmt"/>
        <line num="37" count="2" type="cond" truecount="2" falsecount="2"/>
        <line num="38" count="1" type="stmt"/>
        <line num="39" count="0" type="cond" truecount="0" falsecount="2"/>
        <line num="40" count="0" type="stmt"/>
        <line num="42" count="0" type="stmt"/>
        <line num="47" count="2" type="cond" truecount="1" falsecount="1"/>
        <line num="48" count="2" type="stmt"/>
        <line num="54" count="6" type="stmt"/>
        <line num="58" count="5" type="cond" truecount="2" falsecount="0"/>
        <line num="62" count="1" type="cond" truecount="2" falsecount="0"/>
        <line num="66" count="1" type="stmt"/>
      </file>
    </metrics>
  </project>
</coverage>
