{"C:\\Users\\Rysard_Poplavskij\\projects\\js-learning\\module3\\task3\\Boy.js": {"path":"C:\\Users\\Rysard_Poplavskij\\projects\\js-learning\\module3\\task3\\Boy.js","statementMap":{"0":{"start":{"line":3,"column":4},"end":{"line":3,"column":40}},"1":{"start":{"line":4,"column":4},"end":{"line":4,"column":26}},"2":{"start":{"line":8,"column":4},"end":{"line":8,"column":31}},"3":{"start":{"line":12,"column":4},"end":{"line":12,"column":40}},"4":{"start":{"line":16,"column":4},"end":{"line":16,"column":24}},"5":{"start":{"line":20,"column":4},"end":{"line":20,"column":26}},"6":{"start":{"line":24,"column":4},"end":{"line":24,"column":28}},"7":{"start":{"line":28,"column":4},"end":{"line":28,"column":34}},"8":{"start":{"line":34,"column":4},"end":{"line":42,"column":5}},"9":{"start":{"line":35,"column":6},"end":{"line":35,"column":25}},"10":{"start":{"line":36,"column":11},"end":{"line":42,"column":5}},"11":{"start":{"line":37,"column":6},"end":{"line":37,"column":23}},"12":{"start":{"line":38,"column":11},"end":{"line":42,"column":5}},"13":{"start":{"line":39,"column":6},"end":{"line":39,"column":20}},"14":{"start":{"line":41,"column":6},"end":{"line":41,"column":19}},"15":{"start":{"line":47,"column":4},"end":{"line":51,"column":5}},"16":{"start":{"line":48,"column":6},"end":{"line":48,"column":39}},"17":{"start":{"line":50,"column":6},"end":{"line":50,"column":130}},"18":{"start":{"line":56,"column":4},"end":{"line":56,"column":151}},"19":{"start":{"line":61,"column":4},"end":{"line":61,"column":33}},"20":{"start":{"line":66,"column":4},"end":{"line":66,"column":36}},"21":{"start":{"line":70,"column":0},"end":{"line":70,"column":25}}},"fnMap":{"0":{"name":"(anonymous_0)","decl":{"start":{"line":2,"column":2},"end":{"line":2,"column":3}},"loc":{"start":{"line":2,"column":37},"end":{"line":5,"column":3}},"line":2},"1":{"name":"(anonymous_1)","decl":{"start":{"line":7,"column":2},"end":{"line":7,"column":3}},"loc":{"start":{"line":7,"column":22},"end":{"line":9,"column":3}},"line":7},"2":{"name":"(anonymous_2)","decl":{"start":{"line":11,"column":2},"end":{"line":11,"column":3}},"loc":{"start":{"line":11,"column":35},"end":{"line":13,"column":3}},"line":11},"3":{"name":"(anonymous_3)","decl":{"start":{"line":15,"column":2},"end":{"line":15,"column":3}},"loc":{"start":{"line":15,"column":15},"end":{"line":17,"column":3}},"line":15},"4":{"name":"(anonymous_4)","decl":{"start":{"line":19,"column":2},"end":{"line":19,"column":3}},"loc":{"start":{"line":19,"column":21},"end":{"line":21,"column":3}},"line":19},"5":{"name":"(anonymous_5)","decl":{"start":{"line":23,"column":2},"end":{"line":23,"column":3}},"loc":{"start":{"line":23,"column":19},"end":{"line":25,"column":3}},"line":23},"6":{"name":"(anonymous_6)","decl":{"start":{"line":27,"column":2},"end":{"line":27,"column":3}},"loc":{"start":{"line":27,"column":29},"end":{"line":29,"column":3}},"line":27},"7":{"name":"(anonymous_7)","decl":{"start":{"line":33,"column":2},"end":{"line":33,"column":3}},"loc":{"start":{"line":33,"column":12},"end":{"line":43,"column":3}},"line":33},"8":{"name":"(anonymous_8)","decl":{"start":{"line":46,"column":2},"end":{"line":46,"column":3}},"loc":{"start":{"line":46,"column":36},"end":{"line":52,"column":3}},"line":46},"9":{"name":"(anonymous_9)","decl":{"start":{"line":55,"column":2},"end":{"line":55,"column":3}},"loc":{"start":{"line":55,"column":18},"end":{"line":57,"column":3}},"line":55},"10":{"name":"(anonymous_10)","decl":{"start":{"line":60,"column":2},"end":{"line":60,"column":3}},"loc":{"start":{"line":60,"column":11},"end":{"line":62,"column":3}},"line":60},"11":{"name":"(anonymous_11)","decl":{"start":{"line":65,"column":2},"end":{"line":65,"column":3}},"loc":{"start":{"line":65,"column":23},"end":{"line":67,"column":3}},"line":65}},"branchMap":{"0":{"loc":{"start":{"line":34,"column":4},"end":{"line":42,"column":5}},"type":"if","locations":[{"start":{"line":34,"column":4},"end":{"line":42,"column":5}},{"start":{"line":34,"column":4},"end":{"line":42,"column":5}}],"line":34},"1":{"loc":{"start":{"line":34,"column":8},"end":{"line":34,"column":74}},"type":"binary-expr","locations":[{"start":{"line":34,"column":8},"end":{"line":34,"column":21}},{"start":{"line":34,"column":25},"end":{"line":34,"column":50}},{"start":{"line":34,"column":54},"end":{"line":34,"column":74}}],"line":34},"2":{"loc":{"start":{"line":36,"column":11},"end":{"line":42,"column":5}},"type":"if","locations":[{"start":{"line":36,"column":11},"end":{"line":42,"column":5}},{"start":{"line":36,"column":11},"end":{"line":42,"column":5}}],"line":36},"3":{"loc":{"start":{"line":36,"column":15},"end":{"line":36,"column":81}},"type":"binary-expr","locations":[{"start":{"line":36,"column":15},"end":{"line":36,"column":28}},{"start":{"line":36,"column":32},"end":{"line":36,"column":52}},{"start":{"line":36,"column":56},"end":{"line":36,"column":81}}],"line":36},"4":{"loc":{"start":{"line":38,"column":11},"end":{"line":42,"column":5}},"type":"if","locations":[{"start":{"line":38,"column":11},"end":{"line":42,"column":5}},{"start":{"line":38,"column":11},"end":{"line":42,"column":5}}],"line":38},"5":{"loc":{"start":{"line":38,"column":15},"end":{"line":38,"column":57}},"type":"binary-expr","locations":[{"start":{"line":38,"column":15},"end":{"line":38,"column":28}},{"start":{"line":38,"column":32},"end":{"line":38,"column":57}}],"line":38},"6":{"loc":{"start":{"line":47,"column":4},"end":{"line":51,"column":5}},"type":"if","locations":[{"start":{"line":47,"column":4},"end":{"line":51,"column":5}},{"start":{"line":47,"column":4},"end":{"line":51,"column":5}}],"line":47},"7":{"loc":{"start":{"line":56,"column":11},"end":{"line":56,"column":150}},"type":"binary-expr","locations":[{"start":{"line":56,"column":11},"end":{"line":56,"column":54}},{"start":{"line":56,"column":58},"end":{"line":56,"column":101}},{"start":{"line":56,"column":105},"end":{"line":56,"column":150}}],"line":56}},"s":{"0":27,"1":27,"2":18,"3":1,"4":29,"5":3,"6":5,"7":5,"8":8,"9":1,"10":7,"11":6,"12":1,"13":0,"14":1,"15":4,"16":3,"17":1,"18":8,"19":14,"20":5,"21":1},"f":{"0":27,"1":18,"2":1,"3":29,"4":3,"5":5,"6":5,"7":8,"8":4,"9":8,"10":14,"11":5},"b":{"0":[1,7],"1":[8,4,2],"2":[6,1],"3":[7,4,4],"4":[0,1],"5":[1,0],"6":[3,1],"7":[8,8,1]},"_coverageSchema":"332fd63041d2c1bcb487cc26dd0d5f7d97098a6c","hash":"0e7dcd6563ec33603ecf46eac03c0e6a2cadd28c"}
,"C:\\Users\\Rysard_Poplavskij\\projects\\js-learning\\module3\\task3\\Girl.js": {"path":"C:\\Users\\Rysard_Poplavskij\\projects\\js-learning\\module3\\task3\\Girl.js","statementMap":{"0":{"start":{"line":3,"column":4},"end":{"line":3,"column":30}},"1":{"start":{"line":4,"column":4},"end":{"line":4,"column":62}},"2":{"start":{"line":8,"column":4},"end":{"line":8,"column":26}},"3":{"start":{"line":12,"column":4},"end":{"line":12,"column":30}},"4":{"start":{"line":16,"column":4},"end":{"line":16,"column":42}},"5":{"start":{"line":20,"column":4},"end":{"line":20,"column":62}},"6":{"start":{"line":24,"column":4},"end":{"line":24,"column":27}},"7":{"start":{"line":28,"column":4},"end":{"line":28,"column":32}},"8":{"start":{"line":35,"column":4},"end":{"line":43,"column":5}},"9":{"start":{"line":36,"column":6},"end":{"line":36,"column":25}},"10":{"start":{"line":37,"column":11},"end":{"line":43,"column":5}},"11":{"start":{"line":38,"column":6},"end":{"line":38,"column":20}},"12":{"start":{"line":39,"column":11},"end":{"line":43,"column":5}},"13":{"start":{"line":40,"column":6},"end":{"line":40,"column":23}},"14":{"start":{"line":42,"column":6},"end":{"line":42,"column":19}},"15":{"start":{"line":47,"column":4},"end":{"line":49,"column":5}},"16":{"start":{"line":48,"column":6},"end":{"line":48,"column":55}},"17":{"start":{"line":54,"column":4},"end":{"line":54,"column":36}},"18":{"start":{"line":58,"column":4},"end":{"line":58,"column":51}},"19":{"start":{"line":62,"column":4},"end":{"line":62,"column":61}},"20":{"start":{"line":66,"column":0},"end":{"line":66,"column":24}}},"fnMap":{"0":{"name":"(anonymous_0)","decl":{"start":{"line":2,"column":2},"end":{"line":2,"column":3}},"loc":{"start":{"line":2,"column":50},"end":{"line":5,"column":3}},"line":2},"1":{"name":"(anonymous_1)","decl":{"start":{"line":7,"column":2},"end":{"line":7,"column":3}},"loc":{"start":{"line":7,"column":17},"end":{"line":9,"column":3}},"line":7},"2":{"name":"(anonymous_2)","decl":{"start":{"line":11,"column":2},"end":{"line":11,"column":3}},"loc":{"start":{"line":11,"column":25},"end":{"line":13,"column":3}},"line":11},"3":{"name":"(anonymous_3)","decl":{"start":{"line":15,"column":2},"end":{"line":15,"column":3}},"loc":{"start":{"line":15,"column":33},"end":{"line":17,"column":3}},"line":15},"4":{"name":"(anonymous_4)","decl":{"start":{"line":19,"column":2},"end":{"line":19,"column":3}},"loc":{"start":{"line":19,"column":57},"end":{"line":21,"column":3}},"line":19},"5":{"name":"(anonymous_5)","decl":{"start":{"line":23,"column":2},"end":{"line":23,"column":3}},"loc":{"start":{"line":23,"column":18},"end":{"line":25,"column":3}},"line":23},"6":{"name":"(anonymous_6)","decl":{"start":{"line":27,"column":2},"end":{"line":27,"column":3}},"loc":{"start":{"line":27,"column":27},"end":{"line":29,"column":3}},"line":27},"7":{"name":"(anonymous_7)","decl":{"start":{"line":34,"column":2},"end":{"line":34,"column":3}},"loc":{"start":{"line":34,"column":12},"end":{"line":44,"column":3}},"line":34},"8":{"name":"(anonymous_8)","decl":{"start":{"line":46,"column":2},"end":{"line":46,"column":3}},"loc":{"start":{"line":46,"column":41},"end":{"line":50,"column":3}},"line":46},"9":{"name":"(anonymous_9)","decl":{"start":{"line":53,"column":2},"end":{"line":53,"column":3}},"loc":{"start":{"line":53,"column":20},"end":{"line":55,"column":3}},"line":53},"10":{"name":"(anonymous_10)","decl":{"start":{"line":57,"column":2},"end":{"line":57,"column":3}},"loc":{"start":{"line":57,"column":31},"end":{"line":59,"column":3}},"line":57},"11":{"name":"(anonymous_11)","decl":{"start":{"line":61,"column":2},"end":{"line":61,"column":3}},"loc":{"start":{"line":61,"column":26},"end":{"line":63,"column":3}},"line":61}},"branchMap":{"0":{"loc":{"start":{"line":35,"column":4},"end":{"line":43,"column":5}},"type":"if","locations":[{"start":{"line":35,"column":4},"end":{"line":43,"column":5}},{"start":{"line":35,"column":4},"end":{"line":43,"column":5}}],"line":35},"1":{"loc":{"start":{"line":37,"column":11},"end":{"line":43,"column":5}},"type":"if","locations":[{"start":{"line":37,"column":11},"end":{"line":43,"column":5}},{"start":{"line":37,"column":11},"end":{"line":43,"column":5}}],"line":37},"2":{"loc":{"start":{"line":37,"column":15},"end":{"line":37,"column":56}},"type":"binary-expr","locations":[{"start":{"line":37,"column":15},"end":{"line":37,"column":30}},{"start":{"line":37,"column":34},"end":{"line":37,"column":56}}],"line":37},"3":{"loc":{"start":{"line":39,"column":11},"end":{"line":43,"column":5}},"type":"if","locations":[{"start":{"line":39,"column":11},"end":{"line":43,"column":5}},{"start":{"line":39,"column":11},"end":{"line":43,"column":5}}],"line":39},"4":{"loc":{"start":{"line":47,"column":4},"end":{"line":49,"column":5}},"type":"if","locations":[{"start":{"line":47,"column":4},"end":{"line":49,"column":5}},{"start":{"line":47,"column":4},"end":{"line":49,"column":5}}],"line":47},"5":{"loc":{"start":{"line":58,"column":11},"end":{"line":58,"column":50}},"type":"binary-expr","locations":[{"start":{"line":58,"column":11},"end":{"line":58,"column":33}},{"start":{"line":58,"column":37},"end":{"line":58,"column":50}}],"line":58},"6":{"loc":{"start":{"line":62,"column":11},"end":{"line":62,"column":60}},"type":"binary-expr","locations":[{"start":{"line":62,"column":11},"end":{"line":62,"column":42}},{"start":{"line":62,"column":46},"end":{"line":62,"column":60}}],"line":62}},"s":{"0":20,"1":20,"2":11,"3":5,"4":2,"5":1,"6":8,"7":7,"8":8,"9":6,"10":2,"11":1,"12":0,"13":0,"14":0,"15":2,"16":2,"17":6,"18":5,"19":1,"20":1},"f":{"0":20,"1":11,"2":5,"3":2,"4":1,"5":8,"6":7,"7":8,"8":2,"9":6,"10":5,"11":1},"b":{"0":[6,2],"1":[1,0],"2":[2,0],"3":[0,0],"4":[2,0],"5":[5,2],"6":[1,1]},"_coverageSchema":"332fd63041d2c1bcb487cc26dd0d5f7d97098a6c","hash":"ef7bcbe2e4a6bf1444ec2cedf80e3fadf3caf16f"}
}
