TN:
SF:C:\Users\Rysard_Poplavskij\projects\js-learning\module3\task3\Boy.js
FN:2,(anonymous_0)
FN:7,(anonymous_1)
FN:11,(anonymous_2)
FN:15,(anonymous_3)
FN:19,(anonymous_4)
FN:23,(anonymous_5)
FN:27,(anonymous_6)
FN:33,(anonymous_7)
FN:46,(anonymous_8)
FN:55,(anonymous_9)
FN:60,(anonymous_10)
FN:65,(anonymous_11)
FNF:12
FNH:12
FNDA:27,(anonymous_0)
FNDA:18,(anonymous_1)
FNDA:1,(anonymous_2)
FNDA:29,(anonymous_3)
FNDA:3,(anonymous_4)
FNDA:5,(anonymous_5)
FNDA:5,(anonymous_6)
FNDA:8,(anonymous_7)
FNDA:4,(anonymous_8)
FNDA:8,(anonymous_9)
FNDA:14,(anonymous_10)
FNDA:5,(anonymous_11)
DA:3,27
DA:4,27
DA:8,18
DA:12,1
DA:16,29
DA:20,3
DA:24,5
DA:28,5
DA:34,8
DA:35,1
DA:36,7
DA:37,6
DA:38,1
DA:39,0
DA:41,1
DA:47,4
DA:48,3
DA:50,1
DA:56,8
DA:61,14
DA:66,5
DA:70,1
LF:22
LH:21
BRDA:34,0,0,1
BRDA:34,0,1,7
BRDA:34,1,0,8
BRDA:34,1,1,4
BRDA:34,1,2,2
BRDA:36,2,0,6
BRDA:36,2,1,1
BRDA:36,3,0,7
BRDA:36,3,1,4
BRDA:36,3,2,4
BRDA:38,4,0,0
BRDA:38,4,1,1
BRDA:38,5,0,1
BRDA:38,5,1,0
BRDA:47,6,0,3
BRDA:47,6,1,1
BRDA:56,7,0,8
BRDA:56,7,1,8
BRDA:56,7,2,1
BRF:19
BRH:17
end_of_record
TN:
SF:C:\Users\Rysard_Poplavskij\projects\js-learning\module3\task3\Girl.js
FN:2,(anonymous_0)
FN:7,(anonymous_1)
FN:11,(anonymous_2)
FN:15,(anonymous_3)
FN:19,(anonymous_4)
FN:23,(anonymous_5)
FN:27,(anonymous_6)
FN:34,(anonymous_7)
FN:46,(anonymous_8)
FN:53,(anonymous_9)
FN:57,(anonymous_10)
FN:61,(anonymous_11)
FNF:12
FNH:12
FNDA:20,(anonymous_0)
FNDA:11,(anonymous_1)
FNDA:5,(anonymous_2)
FNDA:2,(anonymous_3)
FNDA:1,(anonymous_4)
FNDA:8,(anonymous_5)
FNDA:7,(anonymous_6)
FNDA:8,(anonymous_7)
FNDA:2,(anonymous_8)
FNDA:6,(anonymous_9)
FNDA:5,(anonymous_10)
FNDA:1,(anonymous_11)
DA:3,20
DA:4,20
DA:8,11
DA:12,5
DA:16,2
DA:20,1
DA:24,8
DA:28,7
DA:35,8
DA:36,6
DA:37,2
DA:38,1
DA:39,0
DA:40,0
DA:42,0
DA:47,2
DA:48,2
DA:54,6
DA:58,5
DA:62,1
DA:66,1
LF:21
LH:18
BRDA:35,0,0,6
BRDA:35,0,1,2
BRDA:37,1,0,1
BRDA:37,1,1,0
BRDA:37,2,0,2
BRDA:37,2,1,0
BRDA:39,3,0,0
BRDA:39,3,1,0
BRDA:47,4,0,2
BRDA:47,4,1,0
BRDA:58,5,0,5
BRDA:58,5,1,2
BRDA:62,6,0,1
BRDA:62,6,1,1
BRF:14
BRH:9
end_of_record
